2024-11-26 16:26:46 - Starting TaskTrackerBackendApplication v0.0.1-SNAPSHOT using Java 21.0.5 with PID 1 (/app.jar started by app-user in /)
2024-11-26 16:26:46 - The following 1 profile is active: "jwt"
2024-11-26 16:26:50 - Bootstrapping Spring Data JPA repositories in DEFAULT mode.
2024-11-26 16:26:50 - Finished Spring Data repository scanning in 178 ms. Found 3 JPA repository interfaces.
2024-11-26 16:26:52 - Tomcat initialized with port 8300 (http)
2024-11-26 16:26:52 - Initializing ProtocolHandler ["http-nio-8300"]
2024-11-26 16:26:52 - Starting service [Tomcat]
2024-11-26 16:26:52 - Starting Servlet engine: [Apache Tomcat/10.1.30]
2024-11-26 16:26:52 - Initializing Spring embedded WebApplicationContext
2024-11-26 16:26:52 - Root WebApplicationContext: initialization completed in 5921 ms
2024-11-26 16:26:53 - HikariPool-1 - Starting...
2024-11-26 16:26:53 - HikariPool-1 - Added connection org.postgresql.jdbc.PgConnection@27ab206
2024-11-26 16:26:53 - HikariPool-1 - Start completed.
2024-11-26 16:26:53 - Database: jdbc:postgresql://postgresql:5432/copytrello_db (PostgreSQL 13.16)
2024-11-26 16:26:54 - Successfully validated 4 migrations (execution time 00:00.150s)
2024-11-26 16:26:54 - Current version of schema "users": 3
2024-11-26 16:26:54 - Schema "users" is up to date. No migration necessary.
2024-11-26 16:26:54 - HHH000204: Processing PersistenceUnitInfo [name: default]
2024-11-26 16:26:55 - HHH000412: Hibernate ORM core version 6.5.3.Final
2024-11-26 16:26:55 - HHH000026: Second-level cache disabled
2024-11-26 16:26:56 - No LoadTimeWeaver setup: ignoring JPA class transformer
2024-11-26 16:26:56 - HHH90000025: PostgreSQLDialect does not need to be specified explicitly using 'hibernate.dialect' (remove the property setting and it will be selected by default)
2024-11-26 16:26:58 - HHH000489: No JTA platform available (set 'hibernate.transaction.jta.platform' to enable JTA platform integration)
2024-11-26 16:26:58 - Initialized JPA EntityManagerFactory for persistence unit 'default'
2024-11-26 16:26:58 - Hibernate is in classpath; If applicable, HQL parser will be used.
2024-11-26 16:26:59 - Global AuthenticationManager configured with UserDetailsService bean with name customUserDetailsService
2024-11-26 16:26:59 - spring.jpa.open-in-view is enabled by default. Therefore, database queries may be performed during view rendering. Explicitly configure spring.jpa.open-in-view to disable this warning
2024-11-26 16:26:59 - Adding welcome page: class path resource [static/index.html]
2024-11-26 16:27:00 - Starting ProtocolHandler ["http-nio-8300"]
2024-11-26 16:27:00 - Tomcat started on port 8300 (http) with context path '/copytrello'
2024-11-26 16:27:00 - Started TaskTrackerBackendApplication in 16.964 seconds (process running for 18.238)
2024-11-26 16:27:46 - Initializing Spring DispatcherServlet 'dispatcherServlet'
2024-11-26 16:27:46 - Initializing Servlet 'dispatcherServlet'
2024-11-26 16:27:46 - Completed initialization in 1 ms
2024-11-26 16:27:47 - Received authentication request for user email: mihailrepinskie9999@icloud.com
2024-11-26 16:27:47 - Generated token for user with email: mihailrepinskie9999@icloud.com
2024-11-26 16:27:51 - Received request to create task with title 'pull requests' and description 'Call with the client to review the latest progress and discuss any feedback.' for user email: mihailrepinskie9999@icloud.com
2024-11-26 16:27:51 - Task with title 'pull requests' and description 'Call with the client to review the latest progress and discuss any feedback.' for user 'mihailrepinskie9999@icloud.com' created successfully
2024-11-26 16:27:51 - Received request to get all tasks for user email: mihailrepinskie9999@icloud.com
2024-11-26 16:27:51 - Tasks for user 'mihailrepinskie9999@icloud.com' found
2024-11-26 16:27:54 - Received request to create task with title 'pull requests' and description 'Call with the client to review the latest progress and discuss any feedback.' for user email: mihailrepinskie9999@icloud.com
2024-11-26 16:27:54 - User 'mihailrepinskie9999@icloud.com' tried to create a task with an existing title 'pull requests'
2024-11-26 16:28:32 - Received get request to get task with title 'title' for user email: mihailrepinskie9999@icloud.com
2024-11-26 16:29:40 - Received request to create task with title 'pull requests' and description 'Call with the client to review the latest progress and discuss any feedback.' for user email: mihailrepinskie9999@icloud.com
2024-11-26 16:29:40 - User 'mihailrepinskie9999@icloud.com' tried to create a task with an existing title 'pull requests'
2024-11-26 16:30:13 - Received request to create task with title 'PUL' and description 'Call with the client to review the latest progress and discuss any feedback.' for user email: mihailrepinskie9999@icloud.com
2024-11-26 16:30:13 - Task with title 'PUL' and description 'Call with the client to review the latest progress and discuss any feedback.' for user 'mihailrepinskie9999@icloud.com' created successfully
2024-11-26 16:30:13 - Received request to get all tasks for user email: mihailrepinskie9999@icloud.com
2024-11-26 16:30:13 - Tasks for user 'mihailrepinskie9999@icloud.com' found
2024-11-26 16:30:23 - Received request to create task with title 'PUL' and description 'Call with the client to review the latest progress and discuss any feedback.' for user email: mihailrepinskie9999@icloud.com
2024-11-26 16:30:23 - User 'mihailrepinskie9999@icloud.com' tried to create a task with an existing title 'PUL'
2024-11-26 16:36:33 - Closing JPA EntityManagerFactory for persistence unit 'default'
2024-11-26 16:36:33 - HikariPool-1 - Shutdown initiated...
2024-11-26 16:36:33 - HikariPool-1 - Shutdown completed.
2024-11-26 16:36:47 - Starting TaskTrackerBackendApplication v0.0.1-SNAPSHOT using Java 21.0.5 with PID 1 (/app.jar started by app-user in /)
2024-11-26 16:36:47 - The following 1 profile is active: "jwt"
2024-11-26 16:36:49 - Bootstrapping Spring Data JPA repositories in DEFAULT mode.
2024-11-26 16:36:49 - Finished Spring Data repository scanning in 108 ms. Found 3 JPA repository interfaces.
2024-11-26 16:36:50 - Tomcat initialized with port 8300 (http)
2024-11-26 16:36:50 - Initializing ProtocolHandler ["http-nio-8300"]
2024-11-26 16:36:50 - Starting service [Tomcat]
2024-11-26 16:36:50 - Starting Servlet engine: [Apache Tomcat/10.1.30]
2024-11-26 16:36:51 - Initializing Spring embedded WebApplicationContext
2024-11-26 16:36:51 - Root WebApplicationContext: initialization completed in 3874 ms
2024-11-26 16:36:51 - HikariPool-1 - Starting...
2024-11-26 16:36:51 - HikariPool-1 - Added connection org.postgresql.jdbc.PgConnection@1ecf0ac6
2024-11-26 16:36:51 - HikariPool-1 - Start completed.
2024-11-26 16:36:51 - Database: jdbc:postgresql://postgresql:5432/copytrello_db (PostgreSQL 13.16)
2024-11-26 16:36:52 - Successfully validated 4 migrations (execution time 00:00.127s)
2024-11-26 16:36:52 - Current version of schema "users": 3
2024-11-26 16:36:52 - Schema "users" is up to date. No migration necessary.
2024-11-26 16:36:52 - HHH000204: Processing PersistenceUnitInfo [name: default]
2024-11-26 16:36:52 - HHH000412: Hibernate ORM core version 6.5.3.Final
2024-11-26 16:36:52 - HHH000026: Second-level cache disabled
2024-11-26 16:36:53 - No LoadTimeWeaver setup: ignoring JPA class transformer
2024-11-26 16:36:53 - HHH90000025: PostgreSQLDialect does not need to be specified explicitly using 'hibernate.dialect' (remove the property setting and it will be selected by default)
2024-11-26 16:36:54 - HHH000489: No JTA platform available (set 'hibernate.transaction.jta.platform' to enable JTA platform integration)
2024-11-26 16:36:54 - Initialized JPA EntityManagerFactory for persistence unit 'default'
2024-11-26 16:36:55 - Hibernate is in classpath; If applicable, HQL parser will be used.
2024-11-26 16:36:55 - Global AuthenticationManager configured with UserDetailsService bean with name customUserDetailsService
2024-11-26 16:36:55 - spring.jpa.open-in-view is enabled by default. Therefore, database queries may be performed during view rendering. Explicitly configure spring.jpa.open-in-view to disable this warning
2024-11-26 16:36:55 - Adding welcome page: class path resource [static/index.html]
2024-11-26 16:36:56 - Starting ProtocolHandler ["http-nio-8300"]
2024-11-26 16:36:56 - Tomcat started on port 8300 (http) with context path '/copytrello'
2024-11-26 16:36:56 - Started TaskTrackerBackendApplication in 10.703 seconds (process running for 11.841)
2024-11-26 16:42:21 - Initializing Spring DispatcherServlet 'dispatcherServlet'
2024-11-26 16:42:21 - Initializing Servlet 'dispatcherServlet'
2024-11-26 16:42:21 - Completed initialization in 1 ms
2024-11-26 16:42:23 - Received authentication request for user email: mihailrepinskie9999@icloud.com
2024-11-26 16:42:23 - Generated token for user with email: mihailrepinskie9999@icloud.com
2024-11-26 16:42:25 - Received request to get all tasks for user email: mihailrepinskie9999@icloud.com
2024-11-26 16:42:25 - Tasks for user 'mihailrepinskie9999@icloud.com' found
2024-11-26 16:42:31 - Received request to create task with title 'pull requests' and description 'Call with the client to review the latest progress and discuss any feedback.' for user email: mihailrepinskie9999@icloud.com
2024-11-26 16:42:31 - User 'mihailrepinskie9999@icloud.com' tried to create a task with an existing title 'pull requests'
2024-11-26 16:47:38 - Closing JPA EntityManagerFactory for persistence unit 'default'
2024-11-26 16:47:38 - HikariPool-1 - Shutdown initiated...
2024-11-26 16:47:38 - HikariPool-1 - Shutdown completed.
2024-11-26 16:48:21 - Starting TaskTrackerBackendApplication v0.0.1-SNAPSHOT using Java 21.0.5 with PID 1 (/app.jar started by app-user in /)
2024-11-26 16:48:21 - The following 1 profile is active: "jwt"
2024-11-26 16:48:23 - Bootstrapping Spring Data JPA repositories in DEFAULT mode.
2024-11-26 16:48:23 - Finished Spring Data repository scanning in 113 ms. Found 3 JPA repository interfaces.
2024-11-26 16:48:25 - Tomcat initialized with port 8300 (http)
2024-11-26 16:48:25 - Initializing ProtocolHandler ["http-nio-8300"]
2024-11-26 16:48:25 - Starting service [Tomcat]
2024-11-26 16:48:25 - Starting Servlet engine: [Apache Tomcat/10.1.30]
2024-11-26 16:48:26 - Initializing Spring embedded WebApplicationContext
2024-11-26 16:48:26 - Root WebApplicationContext: initialization completed in 4638 ms
2024-11-26 16:48:27 - HikariPool-1 - Starting...
2024-11-26 16:48:27 - HikariPool-1 - Added connection org.postgresql.jdbc.PgConnection@447521e
2024-11-26 16:48:27 - HikariPool-1 - Start completed.
2024-11-26 16:48:27 - Database: jdbc:postgresql://postgresql:5432/copytrello_db (PostgreSQL 13.16)
2024-11-26 16:48:28 - Successfully validated 4 migrations (execution time 00:00.193s)
2024-11-26 16:48:28 - Current version of schema "users": 3
2024-11-26 16:48:28 - Schema "users" is up to date. No migration necessary.
2024-11-26 16:48:28 - HHH000204: Processing PersistenceUnitInfo [name: default]
2024-11-26 16:48:28 - HHH000412: Hibernate ORM core version 6.5.3.Final
2024-11-26 16:48:28 - HHH000026: Second-level cache disabled
2024-11-26 16:48:29 - No LoadTimeWeaver setup: ignoring JPA class transformer
2024-11-26 16:48:29 - HHH90000025: PostgreSQLDialect does not need to be specified explicitly using 'hibernate.dialect' (remove the property setting and it will be selected by default)
2024-11-26 16:48:31 - HHH000489: No JTA platform available (set 'hibernate.transaction.jta.platform' to enable JTA platform integration)
2024-11-26 16:48:31 - Initialized JPA EntityManagerFactory for persistence unit 'default'
2024-11-26 16:48:32 - Hibernate is in classpath; If applicable, HQL parser will be used.
2024-11-26 16:48:32 - Global AuthenticationManager configured with UserDetailsService bean with name customUserDetailsService
2024-11-26 16:48:32 - spring.jpa.open-in-view is enabled by default. Therefore, database queries may be performed during view rendering. Explicitly configure spring.jpa.open-in-view to disable this warning
2024-11-26 16:48:33 - Adding welcome page: class path resource [static/index.html]
2024-11-26 16:48:33 - Starting ProtocolHandler ["http-nio-8300"]
2024-11-26 16:48:33 - Tomcat started on port 8300 (http) with context path '/copytrello'
2024-11-26 16:48:33 - Started TaskTrackerBackendApplication in 14.938 seconds (process running for 16.68)
2024-11-26 16:48:45 - Initializing Spring DispatcherServlet 'dispatcherServlet'
2024-11-26 16:48:45 - Initializing Servlet 'dispatcherServlet'
2024-11-26 16:48:45 - Completed initialization in 1 ms
2024-11-26 16:48:46 - Received authentication request for user email: mihailrepinskie9999@icloud.com
2024-11-26 16:48:47 - Generated token for user with email: mihailrepinskie9999@icloud.com
2024-11-26 16:48:49 - Received request to get all tasks for user email: mihailrepinskie9999@icloud.com
2024-11-26 16:48:49 - Tasks for user 'mihailrepinskie9999@icloud.com' found
2024-11-26 16:48:52 - Received request to create task with title 'pull requests' and description 'Call with the client to review the latest progress and discuss any feedback.' for user email: mihailrepinskie9999@icloud.com
2024-11-26 16:48:52 - User 'mihailrepinskie9999@icloud.com' tried to create a task with an existing title 'pull requests'
2024-11-26 16:55:23 - Closing JPA EntityManagerFactory for persistence unit 'default'
2024-11-26 16:55:23 - HikariPool-1 - Shutdown initiated...
2024-11-26 16:55:23 - HikariPool-1 - Shutdown completed.
2024-11-26 16:56:07 - Bootstrapping Spring Data JPA repositories in DEFAULT mode.
2024-11-26 16:56:08 - Finished Spring Data repository scanning in 219 ms. Found 3 JPA repository interfaces.
2024-11-26 16:56:10 - Tomcat initialized with port 8300 (http)
2024-11-26 16:56:10 - Initializing ProtocolHandler ["http-nio-8300"]
2024-11-26 16:56:10 - Starting service [Tomcat]
2024-11-26 16:56:10 - Starting Servlet engine: [Apache Tomcat/10.1.30]
2024-11-26 16:56:10 - Initializing Spring embedded WebApplicationContext
2024-11-26 16:56:10 - Root WebApplicationContext: initialization completed in 5352 ms
2024-11-26 16:56:11 - HikariPool-1 - Starting...
2024-11-26 16:56:12 - HikariPool-1 - Added connection org.postgresql.jdbc.PgConnection@3de79067
2024-11-26 16:56:12 - HikariPool-1 - Start completed.
2024-11-26 16:56:12 - Database: jdbc:postgresql://postgresql:5432/copytrello_db (PostgreSQL 13.16)
2024-11-26 16:56:12 - Successfully validated 4 migrations (execution time 00:00.128s)
2024-11-26 16:56:12 - Current version of schema "users": 3
2024-11-26 16:56:12 - Schema "users" is up to date. No migration necessary.
2024-11-26 16:56:12 - HHH000204: Processing PersistenceUnitInfo [name: default]
2024-11-26 16:56:13 - HHH000412: Hibernate ORM core version 6.5.3.Final
2024-11-26 16:56:13 - HHH000026: Second-level cache disabled
2024-11-26 16:56:13 - No LoadTimeWeaver setup: ignoring JPA class transformer
2024-11-26 16:56:13 - HHH90000025: PostgreSQLDialect does not need to be specified explicitly using 'hibernate.dialect' (remove the property setting and it will be selected by default)
2024-11-26 16:56:15 - HHH000489: No JTA platform available (set 'hibernate.transaction.jta.platform' to enable JTA platform integration)
2024-11-26 16:56:15 - Initialized JPA EntityManagerFactory for persistence unit 'default'
2024-11-26 16:56:16 - Hibernate is in classpath; If applicable, HQL parser will be used.
2024-11-26 16:56:16 - Global AuthenticationManager configured with UserDetailsService bean with name customUserDetailsService
2024-11-26 16:56:16 - spring.jpa.open-in-view is enabled by default. Therefore, database queries may be performed during view rendering. Explicitly configure spring.jpa.open-in-view to disable this warning
2024-11-26 16:56:17 - Adding welcome page: class path resource [static/index.html]
2024-11-26 16:56:17 - Starting ProtocolHandler ["http-nio-8300"]
2024-11-26 16:56:17 - Tomcat started on port 8300 (http) with context path '/copytrello'
2024-11-26 16:56:25 - Initializing Spring DispatcherServlet 'dispatcherServlet'
2024-11-26 16:56:25 - Initializing Servlet 'dispatcherServlet'
2024-11-26 16:56:25 - Completed initialization in 1 ms
2024-11-26 16:56:35 - User 'copytrelloteam@gmail.com' tried to create a task with an existing title 'pull requests'
2024-11-26 16:56:35 - User 'copytrelloteam@gmail.com' tried to create a task with an existing title 'pull requests'
2024-11-26 16:56:46 - User 'copytrelloteam@gmail.com' tried to create a task with an existing title 'pull requests'
2024-11-26 16:56:46 - User 'copytrelloteam@gmail.com' tried to create a task with an existing title 'pull requests'
2024-11-26 16:56:54 - User 'copytrelloteam@gmail.com' tried to create a task with an existing title 'pull requests'
2024-11-26 16:56:54 - User 'copytrelloteam@gmail.com' tried to create a task with an existing title 'pull requests'
2024-11-26 16:57:09 - User 'copytrelloteam@gmail.com' tried to create a task with an existing title 'pull requests'
2024-11-26 16:57:09 - User 'copytrelloteam@gmail.com' tried to create a task with an existing title 'pull requests'
2024-11-26 16:57:29 - User 'mihailrepinskie9999@icloud.com' tried to create a task with an existing title 'pull requests'
2024-11-26 16:57:29 - User 'mihailrepinskie9999@icloud.com' tried to create a task with an existing title 'pull requests'
2024-11-26 16:58:38 - Closing JPA EntityManagerFactory for persistence unit 'default'
2024-11-26 16:58:38 - HikariPool-1 - Shutdown initiated...
2024-11-26 16:58:38 - HikariPool-1 - Shutdown completed.
2024-11-26 16:59:20 - Bootstrapping Spring Data JPA repositories in DEFAULT mode.
2024-11-26 16:59:20 - Finished Spring Data repository scanning in 324 ms. Found 3 JPA repository interfaces.
2024-11-26 16:59:23 - Tomcat initialized with port 8300 (http)
2024-11-26 16:59:23 - Initializing ProtocolHandler ["http-nio-8300"]
2024-11-26 16:59:23 - Starting service [Tomcat]
2024-11-26 16:59:23 - Starting Servlet engine: [Apache Tomcat/10.1.30]
2024-11-26 16:59:23 - Initializing Spring embedded WebApplicationContext
2024-11-26 16:59:23 - Root WebApplicationContext: initialization completed in 5918 ms
2024-11-26 16:59:24 - HikariPool-1 - Starting...
2024-11-26 16:59:24 - HikariPool-1 - Added connection org.postgresql.jdbc.PgConnection@20cff21e
2024-11-26 16:59:24 - HikariPool-1 - Start completed.
2024-11-26 16:59:24 - Database: jdbc:postgresql://postgresql:5432/copytrello_db (PostgreSQL 13.16)
2024-11-26 16:59:24 - Successfully validated 4 migrations (execution time 00:00.059s)
2024-11-26 16:59:24 - Current version of schema "users": 3
2024-11-26 16:59:24 - Schema "users" is up to date. No migration necessary.
2024-11-26 16:59:25 - HHH000204: Processing PersistenceUnitInfo [name: default]
2024-11-26 16:59:25 - HHH000412: Hibernate ORM core version 6.5.3.Final
2024-11-26 16:59:25 - HHH000026: Second-level cache disabled
2024-11-26 16:59:26 - No LoadTimeWeaver setup: ignoring JPA class transformer
2024-11-26 16:59:26 - HHH90000025: PostgreSQLDialect does not need to be specified explicitly using 'hibernate.dialect' (remove the property setting and it will be selected by default)
2024-11-26 16:59:27 - HHH000489: No JTA platform available (set 'hibernate.transaction.jta.platform' to enable JTA platform integration)
2024-11-26 16:59:27 - Initialized JPA EntityManagerFactory for persistence unit 'default'
2024-11-26 16:59:28 - Hibernate is in classpath; If applicable, HQL parser will be used.
2024-11-26 16:59:28 - Global AuthenticationManager configured with UserDetailsService bean with name customUserDetailsService
2024-11-26 16:59:29 - spring.jpa.open-in-view is enabled by default. Therefore, database queries may be performed during view rendering. Explicitly configure spring.jpa.open-in-view to disable this warning
2024-11-26 16:59:29 - Adding welcome page: class path resource [static/index.html]
2024-11-26 16:59:30 - Starting ProtocolHandler ["http-nio-8300"]
2024-11-26 16:59:30 - Tomcat started on port 8300 (http) with context path '/copytrello'
2024-11-26 16:59:36 - Initializing Spring DispatcherServlet 'dispatcherServlet'
2024-11-26 16:59:36 - Initializing Servlet 'dispatcherServlet'
2024-11-26 16:59:36 - Completed initialization in 2 ms
2024-11-26 16:59:45 - User 'copytrelloteam@gmail.com' tried to creaTe a task with an existing title 'pull requests'
2024-11-26 16:59:45 - User 'copytrelloteam@gmail.com' tried to creaTe a task with an existing title 'pull requests'
2024-11-26 17:07:31 - Closing JPA EntityManagerFactory for persistence unit 'default'
2024-11-26 17:07:31 - HikariPool-1 - Shutdown initiated...
2024-11-26 17:07:31 - HikariPool-1 - Shutdown completed.
2024-11-26 17:08:20 - Starting TaskTrackerBackendApplication v0.0.1-SNAPSHOT using Java 21.0.5 with PID 1 (/app.jar started by app-user in /)
2024-11-26 17:08:20 - The following 1 profile is active: "jwt"
2024-11-26 17:08:23 - Bootstrapping Spring Data JPA repositories in DEFAULT mode.
2024-11-26 17:08:23 - Finished Spring Data repository scanning in 208 ms. Found 3 JPA repository interfaces.
2024-11-26 17:08:25 - Tomcat initialized with port 8300 (http)
2024-11-26 17:08:25 - Initializing ProtocolHandler ["http-nio-8300"]
2024-11-26 17:08:26 - Starting service [Tomcat]
2024-11-26 17:08:26 - Starting Servlet engine: [Apache Tomcat/10.1.30]
2024-11-26 17:08:26 - Initializing Spring embedded WebApplicationContext
2024-11-26 17:08:26 - Root WebApplicationContext: initialization completed in 5329 ms
2024-11-26 17:08:26 - HikariPool-1 - Starting...
2024-11-26 17:08:27 - HikariPool-1 - Added connection org.postgresql.jdbc.PgConnection@6f3bd37f
2024-11-26 17:08:27 - HikariPool-1 - Start completed.
2024-11-26 17:08:27 - Database: jdbc:postgresql://postgresql:5432/copytrello_db (PostgreSQL 13.16)
2024-11-26 17:08:27 - Successfully validated 4 migrations (execution time 00:00.067s)
2024-11-26 17:08:27 - Current version of schema "users": 3
2024-11-26 17:08:27 - Schema "users" is up to date. No migration necessary.
2024-11-26 17:08:27 - HHH000204: Processing PersistenceUnitInfo [name: default]
2024-11-26 17:08:28 - HHH000412: Hibernate ORM core version 6.5.3.Final
2024-11-26 17:08:28 - HHH000026: Second-level cache disabled
2024-11-26 17:08:28 - No LoadTimeWeaver setup: ignoring JPA class transformer
2024-11-26 17:08:28 - HHH90000025: PostgreSQLDialect does not need to be specified explicitly using 'hibernate.dialect' (remove the property setting and it will be selected by default)
2024-11-26 17:08:29 - HHH000489: No JTA platform available (set 'hibernate.transaction.jta.platform' to enable JTA platform integration)
2024-11-26 17:08:29 - Initialized JPA EntityManagerFactory for persistence unit 'default'
2024-11-26 17:08:30 - Hibernate is in classpath; If applicable, HQL parser will be used.
2024-11-26 17:08:31 - Global AuthenticationManager configured with UserDetailsService bean with name customUserDetailsService
2024-11-26 17:08:31 - spring.jpa.open-in-view is enabled by default. Therefore, database queries may be performed during view rendering. Explicitly configure spring.jpa.open-in-view to disable this warning
2024-11-26 17:08:31 - Adding welcome page: class path resource [static/index.html]
2024-11-26 17:08:32 - Starting ProtocolHandler ["http-nio-8300"]
2024-11-26 17:08:32 - Tomcat started on port 8300 (http) with context path '/copytrello'
2024-11-26 17:08:32 - Started TaskTrackerBackendApplication in 14.056 seconds (process running for 16.07)
2024-11-26 17:08:53 - Initializing Spring DispatcherServlet 'dispatcherServlet'
2024-11-26 17:08:53 - Initializing Servlet 'dispatcherServlet'
2024-11-26 17:08:53 - Completed initialization in 2 ms
2024-11-26 17:08:56 - Received authentication request for user email: mihailrepinskie9999@icloud.com
2024-11-26 17:08:56 - Generated token for user with email: mihailrepinskie9999@icloud.com
2024-11-26 17:08:59 - Received request to create task with title 'pull requests' and description 'Call with the client to review the latest progress and discuss any feedback.' for user email: mihailrepinskie9999@icloud.com
2024-11-26 17:08:59 - User 'mihailrepinskie9999@icloud.com' tried to create a task with an existing title 'pull requests'
2024-11-26 17:11:08 - Closing JPA EntityManagerFactory for persistence unit 'default'
2024-11-26 17:11:08 - HikariPool-1 - Shutdown initiated...
2024-11-26 17:11:08 - HikariPool-1 - Shutdown completed.
2024-11-26 17:11:53 - Starting TaskTrackerBackendApplication v0.0.1-SNAPSHOT using Java 21.0.5 with PID 1 (/app.jar started by app-user in /)
2024-11-26 17:11:53 - The following 1 profile is active: "jwt"
2024-11-26 17:12:06 - Started TaskTrackerBackendApplication in 15.783 seconds (process running for 17.649)
2024-11-26 17:12:33 - Received authentication request for user email: copytrelloteam@gmail.com
2024-11-26 17:12:34 - Generated token for user with email: copytrelloteam@gmail.com
2024-11-26 17:12:37 - Received request to create task with title 'pull requests' and description 'Call with the client to review the latest progress and discuss any feedback.' for user email: copytrelloteam@gmail.com
2024-11-26 17:12:37 - User 'copytrelloteam@gmail.com' tried to create a task with an existing title 'pull requests'
2024-11-26 17:12:51 - Received authentication request for user email: mihailrepinskie9999@icloud.com
2024-11-26 17:12:52 - Generated token for user with email: mihailrepinskie9999@icloud.com
2024-11-26 17:12:54 - Received request to create task with title 'pull requests' and description 'Call with the client to review the latest progress and discuss any feedback.' for user email: mihailrepinskie9999@icloud.com
2024-11-26 17:12:55 - User 'mihailrepinskie9999@icloud.com' tried to create a task with an existing title 'pull requests'
2024-11-26 17:44:51 - Starting TaskTrackerBackendApplication v0.0.1-SNAPSHOT using Java 21.0.5 with PID 1 (/app.jar started by app-user in /)
2024-11-26 17:44:51 - The following 1 profile is active: "jwt"
2024-11-26 17:45:06 - Started TaskTrackerBackendApplication in 18.991 seconds (process running for 21.326)
2024-11-26 17:52:33 - Starting TaskTrackerBackendApplication v0.0.1-SNAPSHOT using Java 21.0.5 with PID 1 (/app.jar started by app-user in /)
2024-11-26 17:52:33 - The following 1 profile is active: "jwt"
2024-11-26 17:52:44 - Started TaskTrackerBackendApplication in 12.758 seconds (process running for 14.028)
2024-11-26 17:56:45 - Starting TaskTrackerBackendApplication v0.0.1-SNAPSHOT using Java 21.0.5 with PID 1 (/app.jar started by app-user in /)
2024-11-26 17:56:45 - The following 1 profile is active: "jwt"
2024-11-26 17:56:57 - Started TaskTrackerBackendApplication in 13.958 seconds (process running for 15.016)
2024-11-26 17:58:18 - Starting TaskTrackerBackendApplication v0.0.1-SNAPSHOT using Java 21.0.5 with PID 1 (/app.jar started by app-user in /)
2024-11-26 17:58:18 - The following 1 profile is active: "jwt"
2024-11-26 17:58:29 - Started TaskTrackerBackendApplication in 13.155 seconds (process running for 14.363)
2024-11-26 17:59:58 - Starting TaskTrackerBackendApplication v0.0.1-SNAPSHOT using Java 21.0.5 with PID 1 (/app.jar started by app-user in /)
2024-11-26 17:59:58 - The following 1 profile is active: "jwt"
2024-11-26 18:00:09 - Started TaskTrackerBackendApplication in 12.841 seconds (process running for 14.934)
2024-11-26 18:00:53 - Starting TaskTrackerBackendApplication v0.0.1-SNAPSHOT using Java 21.0.5 with PID 1 (/app.jar started by app-user in /)
2024-11-26 18:00:53 - The following 1 profile is active: "jwt"
2024-11-26 18:01:05 - Started TaskTrackerBackendApplication in 14.165 seconds (process running for 15.736)
2024-11-26 18:02:09 - Starting TaskTrackerBackendApplication v0.0.1-SNAPSHOT using Java 21.0.5 with PID 1 (/app.jar started by app-user in /)
2024-11-26 18:02:09 - The following 1 profile is active: "jwt"
2024-11-26 18:02:24 - Started TaskTrackerBackendApplication in 17.042 seconds (process running for 18.234)
2024-11-26 18:03:03 - Starting TaskTrackerBackendApplication v0.0.1-SNAPSHOT using Java 21.0.5 with PID 1 (/app.jar started by app-user in /)
2024-11-26 18:03:03 - The following 1 profile is active: "jwt"
2024-11-26 18:03:14 - Started TaskTrackerBackendApplication in 13.134 seconds (process running for 14.443)
