2024-11-26 13:44:34 - Starting TaskTrackerBackendApplication v0.0.1-SNAPSHOT using Java 21.0.5 with PID 1 (/app.jar started by app-user in /)
2024-11-26 13:44:34 - The following 1 profile is active: "jwt"
2024-11-26 13:44:35 - Bootstrapping Spring Data JPA repositories in DEFAULT mode.
2024-11-26 13:44:36 - Finished Spring Data repository scanning in 128 ms. Found 3 JPA repository interfaces.
2024-11-26 13:44:37 - Tomcat initialized with port 8300 (http)
2024-11-26 13:44:37 - Initializing ProtocolHandler ["http-nio-8300"]
2024-11-26 13:44:37 - Starting service [Tomcat]
2024-11-26 13:44:37 - Starting Servlet engine: [Apache Tomcat/10.1.30]
2024-11-26 13:44:37 - Initializing Spring embedded WebApplicationContext
2024-11-26 13:44:37 - Root WebApplicationContext: initialization completed in 2539 ms
2024-11-26 13:44:37 - HikariPool-1 - Starting...
2024-11-26 13:44:38 - HikariPool-1 - Added connection org.postgresql.jdbc.PgConnection@87f501f
2024-11-26 13:44:38 - HikariPool-1 - Start completed.
2024-11-26 13:44:38 - Database: jdbc:postgresql://postgresql:5432/copytrello_db (PostgreSQL 13.16)
2024-11-26 13:44:38 - Successfully validated 4 migrations (execution time 00:00.151s)
2024-11-26 13:44:38 - Current version of schema "users": 3
2024-11-26 13:44:38 - Schema "users" is up to date. No migration necessary.
2024-11-26 13:44:39 - HHH000204: Processing PersistenceUnitInfo [name: default]
2024-11-26 13:44:39 - HHH000412: Hibernate ORM core version 6.5.3.Final
2024-11-26 13:44:39 - HHH000026: Second-level cache disabled
2024-11-26 13:44:40 - No LoadTimeWeaver setup: ignoring JPA class transformer
2024-11-26 13:44:40 - HHH90000025: PostgreSQLDialect does not need to be specified explicitly using 'hibernate.dialect' (remove the property setting and it will be selected by default)
2024-11-26 13:44:41 - HHH000489: No JTA platform available (set 'hibernate.transaction.jta.platform' to enable JTA platform integration)
2024-11-26 13:44:41 - Initialized JPA EntityManagerFactory for persistence unit 'default'
2024-11-26 13:44:41 - Hibernate is in classpath; If applicable, HQL parser will be used.
2024-11-26 13:44:42 - Global AuthenticationManager configured with UserDetailsService bean with name customUserDetailsService
2024-11-26 13:44:42 - spring.jpa.open-in-view is enabled by default. Therefore, database queries may be performed during view rendering. Explicitly configure spring.jpa.open-in-view to disable this warning
2024-11-26 13:44:42 - Adding welcome page: class path resource [static/index.html]
2024-11-26 13:44:43 - Starting ProtocolHandler ["http-nio-8300"]
2024-11-26 13:44:43 - Tomcat started on port 8300 (http) with context path '/copytrello'
2024-11-26 13:44:43 - Started TaskTrackerBackendApplication in 10.222 seconds (process running for 10.996)
2024-11-26 13:46:32 - Initializing Spring DispatcherServlet 'dispatcherServlet'
2024-11-26 13:46:32 - Initializing Servlet 'dispatcherServlet'
2024-11-26 13:46:32 - Completed initialization in 2 ms
2024-11-26 13:46:34 - Received authentication request for user email: copytrelloteam@gmail.com
2024-11-26 13:46:34 - Generated token for user with email: copytrelloteam@gmail.com
2024-11-26 14:27:48 - Closing JPA EntityManagerFactory for persistence unit 'default'
2024-11-26 14:27:48 - HikariPool-1 - Shutdown initiated...
2024-11-26 14:27:48 - HikariPool-1 - Shutdown completed.
2024-11-26 14:30:29 - Starting TaskTrackerBackendApplication v0.0.1-SNAPSHOT using Java 21.0.5 with PID 1 (/app.jar started by app-user in /)
2024-11-26 14:30:29 - The following 1 profile is active: "jwt"
2024-11-26 14:30:31 - Bootstrapping Spring Data JPA repositories in DEFAULT mode.
2024-11-26 14:30:31 - Finished Spring Data repository scanning in 133 ms. Found 3 JPA repository interfaces.
2024-11-26 14:30:34 - Tomcat initialized with port 8300 (http)
2024-11-26 14:30:34 - Initializing ProtocolHandler ["http-nio-8300"]
2024-11-26 14:30:34 - Starting service [Tomcat]
2024-11-26 14:30:34 - Starting Servlet engine: [Apache Tomcat/10.1.30]
2024-11-26 14:30:34 - Initializing Spring embedded WebApplicationContext
2024-11-26 14:30:34 - Root WebApplicationContext: initialization completed in 5506 ms
2024-11-26 14:30:35 - HikariPool-1 - Starting...
2024-11-26 14:30:36 - HikariPool-1 - Added connection org.postgresql.jdbc.PgConnection@87f501f
2024-11-26 14:30:36 - HikariPool-1 - Start completed.
2024-11-26 14:30:36 - Database: jdbc:postgresql://postgresql:5432/copytrello_db (PostgreSQL 13.16)
2024-11-26 14:30:36 - Successfully validated 4 migrations (execution time 00:00.063s)
2024-11-26 14:30:36 - Current version of schema "users": 3
2024-11-26 14:30:36 - Schema "users" is up to date. No migration necessary.
2024-11-26 14:30:37 - HHH000204: Processing PersistenceUnitInfo [name: default]
2024-11-26 14:30:37 - HHH000412: Hibernate ORM core version 6.5.3.Final
2024-11-26 14:30:37 - HHH000026: Second-level cache disabled
2024-11-26 14:30:38 - No LoadTimeWeaver setup: ignoring JPA class transformer
2024-11-26 14:30:38 - HHH90000025: PostgreSQLDialect does not need to be specified explicitly using 'hibernate.dialect' (remove the property setting and it will be selected by default)
2024-11-26 14:30:39 - HHH000489: No JTA platform available (set 'hibernate.transaction.jta.platform' to enable JTA platform integration)
2024-11-26 14:30:39 - Initialized JPA EntityManagerFactory for persistence unit 'default'
2024-11-26 14:30:40 - Hibernate is in classpath; If applicable, HQL parser will be used.
2024-11-26 14:30:41 - Global AuthenticationManager configured with UserDetailsService bean with name customUserDetailsService
2024-11-26 14:30:41 - spring.jpa.open-in-view is enabled by default. Therefore, database queries may be performed during view rendering. Explicitly configure spring.jpa.open-in-view to disable this warning
2024-11-26 14:30:42 - Adding welcome page: class path resource [static/index.html]
2024-11-26 14:30:43 - Starting ProtocolHandler ["http-nio-8300"]
2024-11-26 14:30:43 - Tomcat started on port 8300 (http) with context path '/copytrello'
2024-11-26 14:30:43 - Started TaskTrackerBackendApplication in 15.679 seconds (process running for 17.602)
2024-11-26 14:31:19 - Initializing Spring DispatcherServlet 'dispatcherServlet'
2024-11-26 14:31:19 - Initializing Servlet 'dispatcherServlet'
2024-11-26 14:31:19 - Completed initialization in 2 ms
2024-11-26 14:31:22 - Received authentication request for user email: copytrelloteam@gmail.com
2024-11-26 14:31:22 - Generated token for user with email: copytrelloteam@gmail.com
2024-11-26 14:31:31 - Received request to create task with title 'pull requests' and description 'Call with the client to review the latest progress and discuss any feedback.' for user email: copytrelloteam@gmail.com
2024-11-26 14:31:31 - Task with title 'pull requests' and description 'Call with the client to review the latest progress and discuss any feedback.' for user 'copytrelloteam@gmail.com' created successfully
2024-11-26 14:31:31 - Received request to get all tasks for user email: copytrelloteam@gmail.com
2024-11-26 14:31:31 - Tasks for user 'copytrelloteam@gmail.com' found
2024-11-26 14:31:35 - Received request to delete task by id '4' for user email: copytrelloteam@gmail.com
2024-11-26 14:31:35 - Task with id '4' for email 'copytrelloteam@gmail.com' deleted successfully
2024-11-26 14:33:04 - Received request to create task with title 'pull requests' and description 'Call with the client to review the latest progress and discuss any feedback.' for user email: copytrelloteam@gmail.com
2024-11-26 14:33:04 - Task with title 'pull requests' and description 'Call with the client to review the latest progress and discuss any feedback.' for user 'copytrelloteam@gmail.com' created successfully
2024-11-26 14:33:04 - Received request to get all tasks for user email: copytrelloteam@gmail.com
2024-11-26 14:33:04 - Tasks for user 'copytrelloteam@gmail.com' found
2024-11-26 14:33:10 - Received request to create task with title 'Backup' and description 'Complete the final report for the project and submit it by the end of the week.' for user email: copytrelloteam@gmail.com
2024-11-26 14:33:11 - Task with title 'Backup' and description 'Complete the final report for the project and submit it by the end of the week.' for user 'copytrelloteam@gmail.com' created successfully
2024-11-26 14:33:11 - Received request to get all tasks for user email: copytrelloteam@gmail.com
2024-11-26 14:33:11 - Tasks for user 'copytrelloteam@gmail.com' found
2024-11-26 14:33:16 - Received request to update task with title 'Backup' and description 'Complete the final report for the project and submit it by the end of the week.' and status 'Completed' for user email: copytrelloteam@gmail.com
2024-11-26 14:33:16 - Task with title 'Backup' for user 'copytrelloteam@gmail.com' updated successfully
2024-11-26 14:33:16 - Received request to get all tasks for user email: copytrelloteam@gmail.com
2024-11-26 14:33:16 - Tasks for user 'copytrelloteam@gmail.com' found
2024-11-26 14:34:22 - Received request to update task with title 'pull requests' and description 'Call with the client to review the latest progress and discuss any feedback.' and status 'Completed' for user email: copytrelloteam@gmail.com
2024-11-26 14:34:22 - Task with title 'pull requests' for user 'copytrelloteam@gmail.com' updated successfully
2024-11-26 14:34:22 - Received request to get all tasks for user email: copytrelloteam@gmail.com
2024-11-26 14:34:22 - Tasks for user 'copytrelloteam@gmail.com' found
2024-11-26 14:34:55 - Received request to update task with title 'Backup' and description 'Complete the final report for the project and submit it by the end of the week.' and status 'In_Progress' for user email: copytrelloteam@gmail.com
2024-11-26 14:34:55 - Task with title 'Backup' for user 'copytrelloteam@gmail.com' updated successfully
2024-11-26 14:34:55 - Received request to get all tasks for user email: copytrelloteam@gmail.com
2024-11-26 14:34:55 - Tasks for user 'copytrelloteam@gmail.com' found
2024-11-26 14:38:26 - Received request to get all tasks for user email: copytrelloteam@gmail.com
2024-11-26 14:38:26 - Tasks for user 'copytrelloteam@gmail.com' found
2024-11-26 14:38:32 - Received request to delete all tasks for user email: copytrelloteam@gmail.com
2024-11-26 14:38:32 - Tasks for user 'copytrelloteam@gmail.com' deleted successfully
2024-11-26 14:52:57 - Closing JPA EntityManagerFactory for persistence unit 'default'
2024-11-26 14:52:57 - HikariPool-1 - Shutdown initiated...
2024-11-26 14:52:57 - HikariPool-1 - Shutdown completed.
2024-11-26 14:54:14 - Starting TaskTrackerBackendApplication v0.0.1-SNAPSHOT using Java 21.0.5 with PID 1 (/app.jar started by app-user in /)
2024-11-26 14:54:14 - The following 1 profile is active: "jwt"
2024-11-26 14:54:17 - Bootstrapping Spring Data JPA repositories in DEFAULT mode.
2024-11-26 14:54:17 - Finished Spring Data repository scanning in 105 ms. Found 3 JPA repository interfaces.
2024-11-26 14:54:20 - Tomcat initialized with port 8300 (http)
2024-11-26 14:54:20 - Initializing ProtocolHandler ["http-nio-8300"]
2024-11-26 14:54:20 - Starting service [Tomcat]
2024-11-26 14:54:20 - Starting Servlet engine: [Apache Tomcat/10.1.30]
2024-11-26 14:54:20 - Initializing Spring embedded WebApplicationContext
2024-11-26 14:54:20 - Root WebApplicationContext: initialization completed in 6033 ms
2024-11-26 14:54:21 - HikariPool-1 - Starting...
2024-11-26 14:54:22 - HikariPool-1 - Added connection org.postgresql.jdbc.PgConnection@70be89ec
2024-11-26 14:54:22 - HikariPool-1 - Start completed.
2024-11-26 14:54:22 - Database: jdbc:postgresql://postgresql:5432/copytrello_db (PostgreSQL 13.16)
2024-11-26 14:54:22 - Successfully validated 4 migrations (execution time 00:00.118s)
2024-11-26 14:54:22 - Current version of schema "users": 3
2024-11-26 14:54:22 - Schema "users" is up to date. No migration necessary.
2024-11-26 14:54:22 - HHH000204: Processing PersistenceUnitInfo [name: default]
2024-11-26 14:54:23 - HHH000412: Hibernate ORM core version 6.5.3.Final
2024-11-26 14:54:23 - HHH000026: Second-level cache disabled
2024-11-26 14:54:24 - No LoadTimeWeaver setup: ignoring JPA class transformer
2024-11-26 14:54:24 - HHH90000025: PostgreSQLDialect does not need to be specified explicitly using 'hibernate.dialect' (remove the property setting and it will be selected by default)
2024-11-26 14:54:25 - HHH000489: No JTA platform available (set 'hibernate.transaction.jta.platform' to enable JTA platform integration)
2024-11-26 14:54:26 - Initialized JPA EntityManagerFactory for persistence unit 'default'
2024-11-26 14:54:26 - Hibernate is in classpath; If applicable, HQL parser will be used.
2024-11-26 14:54:27 - Global AuthenticationManager configured with UserDetailsService bean with name customUserDetailsService
2024-11-26 14:54:27 - spring.jpa.open-in-view is enabled by default. Therefore, database queries may be performed during view rendering. Explicitly configure spring.jpa.open-in-view to disable this warning
2024-11-26 14:54:27 - Adding welcome page: class path resource [static/index.html]
2024-11-26 14:54:28 - Starting ProtocolHandler ["http-nio-8300"]
2024-11-26 14:54:28 - Tomcat started on port 8300 (http) with context path '/copytrello'
2024-11-26 14:54:28 - Started TaskTrackerBackendApplication in 16.563 seconds (process running for 17.902)
2024-11-26 14:54:40 - Initializing Spring DispatcherServlet 'dispatcherServlet'
2024-11-26 14:54:40 - Initializing Servlet 'dispatcherServlet'
2024-11-26 14:54:40 - Completed initialization in 1 ms
2024-11-26 14:54:40 - Received authentication request for user email: copytrelloteam@gmail.com
2024-11-26 14:54:41 - Generated token for user with email: copytrelloteam@gmail.com
2024-11-26 14:54:47 - Received request to create task with title 'pull requests' and description 'Call with the client to review the latest progress and discuss any feedback.' for user email: copytrelloteam@gmail.com
2024-11-26 14:54:47 - Task with title 'pull requests' and description 'Call with the client to review the latest progress and discuss any feedback.' for user 'copytrelloteam@gmail.com' created successfully
2024-11-26 14:54:47 - Received request to get all tasks for user email: copytrelloteam@gmail.com
2024-11-26 14:54:47 - Tasks for user 'copytrelloteam@gmail.com' found
2024-11-26 14:54:48 - Received request to create task with title 'pull requests' and description 'Call with the client to review the latest progress and discuss any feedback.' for user email: copytrelloteam@gmail.com
2024-11-26 14:54:48 - User 'copytrelloteam@gmail.com' tried to create a task with an existing title 'pull requests'
2024-11-26 14:54:54 - Received request to delete task by id '7' for user email: copytrelloteam@gmail.com
2024-11-26 14:54:54 - Task with id '7' for email 'copytrelloteam@gmail.com' deleted successfully
2024-11-26 14:55:04 - Received authentication request for user email: copytrelloteam@gmail.com
2024-11-26 14:55:04 - Generated token for user with email: copytrelloteam@gmail.com
2024-11-26 14:55:11 - Received request to create task with title 'pull requests' and description 'Call with the client to review the latest progress and discuss any feedback.' for user email: copytrelloteam@gmail.com
2024-11-26 14:55:11 - Task with title 'pull requests' and description 'Call with the client to review the latest progress and discuss any feedback.' for user 'copytrelloteam@gmail.com' created successfully
2024-11-26 14:55:12 - Received request to get all tasks for user email: copytrelloteam@gmail.com
2024-11-26 14:55:12 - Tasks for user 'copytrelloteam@gmail.com' found
2024-11-26 14:55:14 - Received request to get all tasks for user email: copytrelloteam@gmail.com
2024-11-26 14:55:14 - Tasks for user 'copytrelloteam@gmail.com' found
2024-11-26 14:55:15 - Received request to delete all tasks for user email: copytrelloteam@gmail.com
2024-11-26 14:55:15 - Tasks for user 'copytrelloteam@gmail.com' deleted successfully
2024-11-26 14:55:18 - Received request to get all tasks for user email: copytrelloteam@gmail.com
2024-11-26 14:55:18 - Tasks for user 'copytrelloteam@gmail.com' found
2024-11-26 14:55:20 - Received request to create task with title 'pull requests' and description 'Call with the client to review the latest progress and discuss any feedback.' for user email: copytrelloteam@gmail.com
2024-11-26 14:55:20 - Task with title 'pull requests' and description 'Call with the client to review the latest progress and discuss any feedback.' for user 'copytrelloteam@gmail.com' created successfully
2024-11-26 14:55:20 - Received request to get all tasks for user email: copytrelloteam@gmail.com
2024-11-26 14:55:20 - Tasks for user 'copytrelloteam@gmail.com' found
2024-11-26 14:55:25 - Received request to create task with title 'Finish project report' and description 'Ensure that the daily backup of the database is completed and stored securely' for user email: copytrelloteam@gmail.com
2024-11-26 14:55:25 - Task with title 'Finish project report' and description 'Ensure that the daily backup of the database is completed and stored securely' for user 'copytrelloteam@gmail.com' created successfully
2024-11-26 14:55:25 - Received request to get all tasks for user email: copytrelloteam@gmail.com
2024-11-26 14:55:25 - Tasks for user 'copytrelloteam@gmail.com' found
2024-11-26 14:55:30 - Received request to create task with title 'Backup' and description 'Check and review open pull requests on the repository for the new feature branch.' for user email: copytrelloteam@gmail.com
2024-11-26 14:55:30 - Task with title 'Backup' and description 'Check and review open pull requests on the repository for the new feature branch.' for user 'copytrelloteam@gmail.com' created successfully
2024-11-26 14:55:30 - Received request to get all tasks for user email: copytrelloteam@gmail.com
2024-11-26 14:55:30 - Tasks for user 'copytrelloteam@gmail.com' found
2024-11-26 14:55:46 - Received get request to get task with title 'pull requests' for user email: copytrelloteam@gmail.com
2024-11-26 14:55:46 - Task with title 'pull requests' for user 'copytrelloteam@gmail.com' found
2024-11-26 14:55:47 - Received get request to get task with title 'pull requests' for user email: copytrelloteam@gmail.com
2024-11-26 14:55:47 - Task with title 'pull requests' for user 'copytrelloteam@gmail.com' found
2024-11-26 14:55:51 - Received request to get all tasks for user email: copytrelloteam@gmail.com
2024-11-26 14:55:51 - Tasks for user 'copytrelloteam@gmail.com' found
2024-11-26 14:55:58 - Received request to update task with title 'Finish' and description 'Ensure that the daily backup of the database is completed and stored securely' and status 'IN_PROGRESS' for user email: copytrelloteam@gmail.com
2024-11-26 14:55:58 - Task with title 'Finish' for user 'copytrelloteam@gmail.com' updated successfully
2024-11-26 14:55:58 - Received request to get all tasks for user email: copytrelloteam@gmail.com
2024-11-26 14:55:58 - Tasks for user 'copytrelloteam@gmail.com' found
2024-11-26 14:56:10 - Received get request to get task with title 'Finish' for user email: copytrelloteam@gmail.com
2024-11-26 14:56:10 - Task with title 'Finish' for user 'copytrelloteam@gmail.com' found
2024-11-26 14:56:21 - Received request to update task with title 'Finish' and description 'Ensure that the daily backup of the database is completed and stored securely' and status 'Completed' for user email: copytrelloteam@gmail.com
2024-11-26 14:56:21 - Task with title 'Finish' for user 'copytrelloteam@gmail.com' updated successfully
2024-11-26 14:56:21 - Received request to get all tasks for user email: copytrelloteam@gmail.com
2024-11-26 14:56:21 - Tasks for user 'copytrelloteam@gmail.com' found
2024-11-26 14:56:27 - Received request to get all tasks for user email: copytrelloteam@gmail.com
2024-11-26 14:56:27 - Tasks for user 'copytrelloteam@gmail.com' found
2024-11-26 14:56:30 - Received request to get all tasks for user email: copytrelloteam@gmail.com
2024-11-26 14:56:30 - Tasks for user 'copytrelloteam@gmail.com' found
2024-11-26 14:56:35 - Received request to get all completed tasks for user email: copytrelloteam@gmail.com
2024-11-26 14:56:39 - Received request to get all tasks for user email: copytrelloteam@gmail.com
2024-11-26 14:56:39 - Tasks for user 'copytrelloteam@gmail.com' found
2024-11-26 14:56:44 - Received request to get all completed tasks for user email: copytrelloteam@gmail.com
2024-11-26 14:56:46 - Received request to get all tasks for user email: copytrelloteam@gmail.com
2024-11-26 14:56:46 - Tasks for user 'copytrelloteam@gmail.com' found
2024-11-26 14:56:51 - Received request to get all tasks for user email: copytrelloteam@gmail.com
2024-11-26 14:56:51 - Tasks for user 'copytrelloteam@gmail.com' found
2024-11-26 14:57:16 - Received request to get all completed tasks for user email: copytrelloteam@gmail.com
2024-11-26 15:00:44 - Closing JPA EntityManagerFactory for persistence unit 'default'
2024-11-26 15:00:44 - HikariPool-1 - Shutdown initiated...
2024-11-26 15:00:44 - HikariPool-1 - Shutdown completed.
2024-11-26 15:01:27 - Starting TaskTrackerBackendApplication v0.0.1-SNAPSHOT using Java 21.0.5 with PID 1 (/app.jar started by app-user in /)
2024-11-26 15:01:27 - The following 1 profile is active: "jwt"
2024-11-26 15:01:30 - Bootstrapping Spring Data JPA repositories in DEFAULT mode.
2024-11-26 15:01:30 - Finished Spring Data repository scanning in 233 ms. Found 3 JPA repository interfaces.
2024-11-26 15:01:33 - Tomcat initialized with port 8300 (http)
2024-11-26 15:01:33 - Initializing ProtocolHandler ["http-nio-8300"]
2024-11-26 15:01:33 - Starting service [Tomcat]
2024-11-26 15:01:33 - Starting Servlet engine: [Apache Tomcat/10.1.30]
2024-11-26 15:01:33 - Initializing Spring embedded WebApplicationContext
2024-11-26 15:01:33 - Root WebApplicationContext: initialization completed in 5756 ms
2024-11-26 15:01:34 - HikariPool-1 - Starting...
2024-11-26 15:01:34 - HikariPool-1 - Added connection org.postgresql.jdbc.PgConnection@4f3c7808
2024-11-26 15:01:34 - HikariPool-1 - Start completed.
2024-11-26 15:01:34 - Database: jdbc:postgresql://postgresql:5432/copytrello_db (PostgreSQL 13.16)
2024-11-26 15:01:34 - Successfully validated 4 migrations (execution time 00:00.058s)
2024-11-26 15:01:34 - Current version of schema "users": 3
2024-11-26 15:01:34 - Schema "users" is up to date. No migration necessary.
2024-11-26 15:01:35 - HHH000204: Processing PersistenceUnitInfo [name: default]
2024-11-26 15:01:35 - HHH000412: Hibernate ORM core version 6.5.3.Final
2024-11-26 15:01:35 - HHH000026: Second-level cache disabled
2024-11-26 15:01:36 - No LoadTimeWeaver setup: ignoring JPA class transformer
2024-11-26 15:01:36 - HHH90000025: PostgreSQLDialect does not need to be specified explicitly using 'hibernate.dialect' (remove the property setting and it will be selected by default)
2024-11-26 15:01:37 - HHH000489: No JTA platform available (set 'hibernate.transaction.jta.platform' to enable JTA platform integration)
2024-11-26 15:01:37 - Initialized JPA EntityManagerFactory for persistence unit 'default'
2024-11-26 15:01:38 - Hibernate is in classpath; If applicable, HQL parser will be used.
2024-11-26 15:01:39 - Global AuthenticationManager configured with UserDetailsService bean with name customUserDetailsService
2024-11-26 15:01:39 - spring.jpa.open-in-view is enabled by default. Therefore, database queries may be performed during view rendering. Explicitly configure spring.jpa.open-in-view to disable this warning
2024-11-26 15:01:39 - Adding welcome page: class path resource [static/index.html]
2024-11-26 15:01:40 - Starting ProtocolHandler ["http-nio-8300"]
2024-11-26 15:01:40 - Tomcat started on port 8300 (http) with context path '/copytrello'
2024-11-26 15:01:40 - Started TaskTrackerBackendApplication in 14.725 seconds (process running for 16.85)
2024-11-26 15:01:57 - Initializing Spring DispatcherServlet 'dispatcherServlet'
2024-11-26 15:01:57 - Initializing Servlet 'dispatcherServlet'
2024-11-26 15:01:57 - Completed initialization in 2 ms
2024-11-26 15:01:59 - Received request to get all tasks for user email: copytrelloteam@gmail.com
2024-11-26 15:01:59 - Tasks for user 'copytrelloteam@gmail.com' found
2024-11-26 15:02:03 - Received request to get all in-progress tasks for user email: copytrelloteam@gmail.com
2024-11-26 15:02:08 - Received request to get all completed tasks for user email: copytrelloteam@gmail.com
2024-11-26 15:02:12 - Received request to get all tasks for user email: copytrelloteam@gmail.com
2024-11-26 15:02:12 - Tasks for user 'copytrelloteam@gmail.com' found
2024-11-26 15:02:57 - Received request to delete task by id '9' for user email: copytrelloteam@gmail.com
2024-11-26 15:02:57 - Task with id '9' for email 'copytrelloteam@gmail.com' deleted successfully
2024-11-26 15:03:45 - Received request to get all tasks for user email: copytrelloteam@gmail.com
2024-11-26 15:03:45 - Tasks for user 'copytrelloteam@gmail.com' found
2024-11-26 15:03:48 - Received request to get all in-progress tasks for user email: copytrelloteam@gmail.com
2024-11-26 15:03:51 - Received request to get all completed tasks for user email: copytrelloteam@gmail.com
2024-11-26 15:03:54 - Received request to delete all tasks for user email: copytrelloteam@gmail.com
2024-11-26 15:03:54 - Tasks for user 'copytrelloteam@gmail.com' deleted successfully
2024-11-26 15:03:55 - Received request to get all tasks for user email: copytrelloteam@gmail.com
2024-11-26 15:03:55 - Tasks for user 'copytrelloteam@gmail.com' found
2024-11-26 15:28:52 - Closing JPA EntityManagerFactory for persistence unit 'default'
2024-11-26 15:28:52 - HikariPool-1 - Shutdown initiated...
2024-11-26 15:28:52 - HikariPool-1 - Shutdown completed.
2024-11-26 15:30:14 - Starting TaskTrackerBackendApplication v0.0.1-SNAPSHOT using Java 21.0.5 with PID 1 (/app.jar started by app-user in /)
2024-11-26 15:30:14 - The following 1 profile is active: "jwt"
2024-11-26 15:30:16 - Bootstrapping Spring Data JPA repositories in DEFAULT mode.
2024-11-26 15:30:16 - Finished Spring Data repository scanning in 184 ms. Found 3 JPA repository interfaces.
2024-11-26 15:30:20 - Tomcat initialized with port 8300 (http)
2024-11-26 15:30:20 - Initializing ProtocolHandler ["http-nio-8300"]
2024-11-26 15:30:20 - Starting service [Tomcat]
2024-11-26 15:30:20 - Starting Servlet engine: [Apache Tomcat/10.1.30]
2024-11-26 15:30:20 - Initializing Spring embedded WebApplicationContext
2024-11-26 15:30:20 - Root WebApplicationContext: initialization completed in 5860 ms
2024-11-26 15:30:21 - HikariPool-1 - Starting...
2024-11-26 15:30:21 - HikariPool-1 - Added connection org.postgresql.jdbc.PgConnection@6f3bd37f
2024-11-26 15:30:21 - HikariPool-1 - Start completed.
2024-11-26 15:30:22 - Database: jdbc:postgresql://postgresql:5432/copytrello_db (PostgreSQL 13.16)
2024-11-26 15:30:22 - Successfully validated 4 migrations (execution time 00:00.213s)
2024-11-26 15:30:22 - Current version of schema "users": 3
2024-11-26 15:30:22 - Schema "users" is up to date. No migration necessary.
2024-11-26 15:30:23 - HHH000204: Processing PersistenceUnitInfo [name: default]
2024-11-26 15:30:23 - HHH000412: Hibernate ORM core version 6.5.3.Final
2024-11-26 15:30:23 - HHH000026: Second-level cache disabled
2024-11-26 15:30:24 - No LoadTimeWeaver setup: ignoring JPA class transformer
2024-11-26 15:30:24 - HHH90000025: PostgreSQLDialect does not need to be specified explicitly using 'hibernate.dialect' (remove the property setting and it will be selected by default)
2024-11-26 15:30:25 - HHH000489: No JTA platform available (set 'hibernate.transaction.jta.platform' to enable JTA platform integration)
2024-11-26 15:30:25 - Initialized JPA EntityManagerFactory for persistence unit 'default'
2024-11-26 15:30:26 - Hibernate is in classpath; If applicable, HQL parser will be used.
2024-11-26 15:30:27 - Global AuthenticationManager configured with UserDetailsService bean with name customUserDetailsService
2024-11-26 15:30:27 - spring.jpa.open-in-view is enabled by default. Therefore, database queries may be performed during view rendering. Explicitly configure spring.jpa.open-in-view to disable this warning
2024-11-26 15:30:27 - Adding welcome page: class path resource [static/index.html]
2024-11-26 15:30:28 - Starting ProtocolHandler ["http-nio-8300"]
2024-11-26 15:30:28 - Tomcat started on port 8300 (http) with context path '/copytrello'
2024-11-26 15:30:28 - Started TaskTrackerBackendApplication in 16.675 seconds (process running for 18.271)
2024-11-26 16:15:27 - Closing JPA EntityManagerFactory for persistence unit 'default'
2024-11-26 16:15:27 - HikariPool-1 - Shutdown initiated...
2024-11-26 16:15:27 - HikariPool-1 - Shutdown completed.
2024-11-26 16:16:08 - Starting TaskTrackerBackendApplication v0.0.1-SNAPSHOT using Java 21.0.5 with PID 1 (/app.jar started by app-user in /)
2024-11-26 16:16:08 - The following 1 profile is active: "jwt"
2024-11-26 16:16:10 - Bootstrapping Spring Data JPA repositories in DEFAULT mode.
2024-11-26 16:16:11 - Finished Spring Data repository scanning in 178 ms. Found 3 JPA repository interfaces.
2024-11-26 16:16:13 - Tomcat initialized with port 8300 (http)
2024-11-26 16:16:13 - Initializing ProtocolHandler ["http-nio-8300"]
2024-11-26 16:16:13 - Starting service [Tomcat]
2024-11-26 16:16:13 - Starting Servlet engine: [Apache Tomcat/10.1.30]
2024-11-26 16:16:13 - Initializing Spring embedded WebApplicationContext
2024-11-26 16:16:13 - Root WebApplicationContext: initialization completed in 4779 ms
2024-11-26 16:16:14 - HikariPool-1 - Starting...
2024-11-26 16:16:15 - HikariPool-1 - Added connection org.postgresql.jdbc.PgConnection@1ecf0ac6
2024-11-26 16:16:15 - HikariPool-1 - Start completed.
2024-11-26 16:16:15 - Database: jdbc:postgresql://postgresql:5432/copytrello_db (PostgreSQL 13.16)
2024-11-26 16:16:15 - Successfully validated 4 migrations (execution time 00:00.092s)
2024-11-26 16:16:15 - Current version of schema "users": 3
2024-11-26 16:16:15 - Schema "users" is up to date. No migration necessary.
2024-11-26 16:16:15 - HHH000204: Processing PersistenceUnitInfo [name: default]
2024-11-26 16:16:16 - HHH000412: Hibernate ORM core version 6.5.3.Final
2024-11-26 16:16:16 - HHH000026: Second-level cache disabled
2024-11-26 16:16:17 - No LoadTimeWeaver setup: ignoring JPA class transformer
2024-11-26 16:16:17 - HHH90000025: PostgreSQLDialect does not need to be specified explicitly using 'hibernate.dialect' (remove the property setting and it will be selected by default)
2024-11-26 16:16:18 - HHH000489: No JTA platform available (set 'hibernate.transaction.jta.platform' to enable JTA platform integration)
2024-11-26 16:16:18 - Initialized JPA EntityManagerFactory for persistence unit 'default'
2024-11-26 16:16:19 - Hibernate is in classpath; If applicable, HQL parser will be used.
2024-11-26 16:16:19 - Global AuthenticationManager configured with UserDetailsService bean with name customUserDetailsService
2024-11-26 16:16:19 - spring.jpa.open-in-view is enabled by default. Therefore, database queries may be performed during view rendering. Explicitly configure spring.jpa.open-in-view to disable this warning
2024-11-26 16:16:19 - Adding welcome page: class path resource [static/index.html]
2024-11-26 16:16:21 - Starting ProtocolHandler ["http-nio-8300"]
2024-11-26 16:16:21 - Tomcat started on port 8300 (http) with context path '/copytrello'
2024-11-26 16:16:21 - Started TaskTrackerBackendApplication in 14.477 seconds (process running for 16.28)
2024-11-26 16:16:47 - Initializing Spring DispatcherServlet 'dispatcherServlet'
2024-11-26 16:16:47 - Initializing Servlet 'dispatcherServlet'
2024-11-26 16:16:47 - Completed initialization in 1 ms
2024-11-26 16:16:53 - Received authentication request for user email: copytrelloteam@gmail.com
2024-11-26 16:16:53 - Generated token for user with email: copytrelloteam@gmail.com
2024-11-26 16:17:00 - Received authentication request for user email: repinskiemichael1@gmail.com
2024-11-26 16:17:04 - Received authentication request for user email: mihailrepinskie9999@icloud.com
2024-11-26 16:17:04 - Generated token for user with email: mihailrepinskie9999@icloud.com
2024-11-26 16:18:30 - Received request to create task with title 'pull requests' and description 'Call with the client to review the latest progress and discuss any feedback.' for user email: mihailrepinskie9999@icloud.com
2024-11-26 16:18:31 - Task with title 'pull requests' and description 'Call with the client to review the latest progress and discuss any feedback.' for user 'mihailrepinskie9999@icloud.com' created successfully
2024-11-26 16:18:31 - Received request to get all tasks for user email: mihailrepinskie9999@icloud.com
2024-11-26 16:18:31 - Tasks for user 'mihailrepinskie9999@icloud.com' found
2024-11-26 16:18:40 - Received request to get all tasks for user email: mihailrepinskie9999@icloud.com
2024-11-26 16:18:40 - Tasks for user 'mihailrepinskie9999@icloud.com' found
2024-11-26 16:18:41 - Received request to delete task by id '12' for user email: mihailrepinskie9999@icloud.com
2024-11-26 16:18:41 - Task with id '12' for email 'mihailrepinskie9999@icloud.com' deleted successfully
2024-11-26 16:25:22 - Closing JPA EntityManagerFactory for persistence unit 'default'
2024-11-26 16:25:22 - HikariPool-1 - Shutdown initiated...
2024-11-26 16:25:22 - HikariPool-1 - Shutdown completed.
